#
# There is insufficient memory for the Java Runtime Environment to continue.
# Native memory allocation (mmap) failed to map 255852544 bytes for Failed to commit area from 0x000000070c600000 to 0x000000071ba00000 of length 255852544.
# Possible reasons:
#   The system is out of physical RAM or swap space
#   The process is running with CompressedOops enabled, and the Java Heap may be blocking the growth of the native heap
# Possible solutions:
#   Reduce memory load on the system
#   Increase physical memory or swap space
#   Check if swap backing store is full
#   Decrease Java heap size (-Xmx/-Xms)
#   Decrease number of Java threads
#   Decrease Java thread stack sizes (-Xss)
#   Set larger code cache with -XX:ReservedCodeCacheSize=
# This output file may be truncated or incomplete.
#
#  Out of Memory Error (./open/src/hotspot/os/windows/os_windows.cpp:3276), pid=9360, tid=31684
#
# JRE version:  (11.0.13+10) (build )
# Java VM: Java HotSpot(TM) 64-Bit Server VM (11.0.13+10-LTS-370, mixed mode, sharing, tiered, compressed oops, g1 gc, windows-amd64)
# No core dump will be written. Minidumps are not enabled by default on client versions of Windows
#

---------------  S U M M A R Y ------------

Command Line: -Dfile.encoding=UTF-8 utils.Test_Methods

Host: AMD Ryzen 5 4500U with Radeon Graphics         , 6 cores, 15G,  Windows 10 , 64 bit Build 22000 (10.0.22000.318)
Time: Sat Dec 11 17:20:48 2021 Hora oficial do Brasil elapsed time: 0.031260 seconds (0d 0h 0m 0s)

---------------  T H R E A D  ---------------

Current thread (0x000001a8e6358800):  JavaThread "Unknown thread" [_thread_in_vm, id=31684, stack(0x0000004408400000,0x0000004408500000)]

Stack: [0x0000004408400000,0x0000004408500000]
Native frames: (J=compiled Java code, j=interpreted, Vv=VM code, C=native code)
V  [jvm.dll+0x62870a]
V  [jvm.dll+0x761f2f]
V  [jvm.dll+0x7635d9]
V  [jvm.dll+0x763c63]
V  [jvm.dll+0x23d728]
V  [jvm.dll+0x625aba]
V  [jvm.dll+0x61a855]
V  [jvm.dll+0x2f242c]
V  [jvm.dll+0x2f22b2]
V  [jvm.dll+0x2f6fd6]
V  [jvm.dll+0x3395ff]
V  [jvm.dll+0x339030]
V  [jvm.dll+0x2cfa38]
V  [jvm.dll+0x2d0ba6]
V  [jvm.dll+0x73c547]
V  [jvm.dll+0x73dddf]
V  [jvm.dll+0x346369]
V  [jvm.dll+0x721e60]
V  [jvm.dll+0x3b500f]
V  [jvm.dll+0x3b7121]
C  [jli.dll+0x5207]
C  [ucrtbase.dll+0x26c0c]
C  [KERNEL32.DLL+0x154e0]
C  [ntdll.dll+0x485b]


---------------  P R O C E S S  ---------------

Threads class SMR info:
_java_thread_list=0x000001a8e616a720, length=0, elements={
}

Java Threads: ( => current thread )

Other Threads:
  0x000001a8e623b800 GCTaskThread "GC Thread#0" [stack: 0x0000004408500000,0x0000004408600000] [id=2116]
  0x000001a8e63c1800 ConcurrentGCThread "G1 Main Marker" [stack: 0x0000004408600000,0x0000004408700000] [id=29728]
  0x000001a8e63c3800 ConcurrentGCThread "G1 Conc#0" [stack: 0x0000004408700000,0x0000004408800000] [id=19608]

[error occurred during error reporting (printing all threads), id 0xc0000005, EXCEPTION_ACCESS_VIOLATION (0xc0000005) at pc=0x00007ff8911cecc7]

VM state:not at safepoint (not fully initialized)

VM Mutex/Monitor currently owned by a thread:  ([mutex/lock_event])
[0x000001a8e63548f0] Heap_lock - owner thread: 0x000001a8e6358800

Heap address: 0x000000070c600000, size: 3898 MB, Compressed Oops mode: Non-zero based: 0x000000070c600000
Narrow klass base: 0x0000000000000000, Narrow klass shift: 0

GC Heap History (0 events):
No events

Deoptimization events (0 events):
No events

Classes redefined (0 events):
No events

Internal exceptions (0 events):
No events

Events (0 events):
No events


Dynamic libraries:
0x00007ff6e7200000 - 0x00007ff6e720f000 	C:\Program Files\Java\jdk-11.0.13\bin\javaw.exe
0x00007ff8e8300000 - 0x00007ff8e8507000 	C:\WINDOWS\SYSTEM32\ntdll.dll
0x00007ff8e6ec0000 - 0x00007ff8e6f7d000 	C:\WINDOWS\System32\KERNEL32.DLL
0x00007ff8e5ac0000 - 0x00007ff8e5e34000 	C:\WINDOWS\System32\KERNELBASE.dll
0x00007ff8c3030000 - 0x00007ff8c3306000 	C:\WINDOWS\system32\ctiuser.dll
0x00007ff8e6000000 - 0x00007ff8e6111000 	C:\WINDOWS\System32\ucrtbase.dll
0x00007ff8d1380000 - 0x00007ff8d1398000 	C:\Program Files\Java\jdk-11.0.13\bin\jli.dll
0x00007ff8ced60000 - 0x00007ff8ced75000 	C:\Program Files\Java\jdk-11.0.13\bin\VCRUNTIME140.dll
0x00007ff8e7f80000 - 0x00007ff8e802c000 	C:\WINDOWS\System32\ADVAPI32.dll
0x00007ff8e7060000 - 0x00007ff8e7103000 	C:\WINDOWS\System32\msvcrt.dll
0x00007ff8e6fc0000 - 0x00007ff8e705d000 	C:\WINDOWS\System32\sechost.dll
0x00007ff8e6d90000 - 0x00007ff8e6eb1000 	C:\WINDOWS\System32\RPCRT4.dll
0x00007ff8e6760000 - 0x00007ff8e690c000 	C:\WINDOWS\System32\USER32.dll
0x00007ff8e5a10000 - 0x00007ff8e5a36000 	C:\WINDOWS\System32\win32u.dll
0x00007ff8e7ee0000 - 0x00007ff8e7f09000 	C:\WINDOWS\System32\GDI32.dll
0x00007ff8e5ee0000 - 0x00007ff8e5ff2000 	C:\WINDOWS\System32\gdi32full.dll
0x00007ff8e5e40000 - 0x00007ff8e5edd000 	C:\WINDOWS\System32\msvcp_win.dll
0x00007ff8d2c70000 - 0x00007ff8d2f15000 	C:\WINDOWS\WinSxS\amd64_microsoft.windows.common-controls_6595b64144ccf1df_6.0.22000.120_none_9d947278b86cc467\COMCTL32.dll
0x00007ff8dca40000 - 0x00007ff8dca4a000 	C:\WINDOWS\SYSTEM32\VERSION.dll
0x00007ff8d9c20000 - 0x00007ff8d9c2b000 	C:\WINDOWS\system32\FLTLIB.DLL
0x00007ff8e6f80000 - 0x00007ff8e6fb1000 	C:\WINDOWS\System32\IMM32.DLL
0x00007ff8ca9a0000 - 0x00007ff8caa3b000 	C:\Program Files\Java\jdk-11.0.13\bin\msvcp140.dll
0x00007ff890ef0000 - 0x00007ff891a03000 	C:\Program Files\Java\jdk-11.0.13\bin\server\jvm.dll
0x00007ff8e6d80000 - 0x00007ff8e6d88000 	C:\WINDOWS\System32\PSAPI.DLL
0x00007ff8c8950000 - 0x00007ff8c8959000 	C:\WINDOWS\SYSTEM32\WSOCK32.dll
0x00007ff8e7f10000 - 0x00007ff8e7f7f000 	C:\WINDOWS\System32\WS2_32.dll
0x00007ff8e1e40000 - 0x00007ff8e1e73000 	C:\WINDOWS\SYSTEM32\WINMM.dll
0x00007ff8e48c0000 - 0x00007ff8e48d8000 	C:\WINDOWS\SYSTEM32\kernel.appcore.dll
0x00007ff8d5870000 - 0x00007ff8d5880000 	C:\Program Files\Java\jdk-11.0.13\bin\verify.dll
0x00007ff8e31f0000 - 0x00007ff8e3411000 	C:\WINDOWS\SYSTEM32\DBGHELP.DLL
0x00007ff8e1e00000 - 0x00007ff8e1e31000 	C:\WINDOWS\SYSTEM32\dbgcore.DLL
0x00007ff8e5a40000 - 0x00007ff8e5ac0000 	C:\WINDOWS\System32\bcryptPrimitives.dll
0x00007ff8ced30000 - 0x00007ff8ced58000 	C:\Program Files\Java\jdk-11.0.13\bin\java.dll
0x00007ff8d57b0000 - 0x00007ff8d57ba000 	C:\Program Files\Java\jdk-11.0.13\bin\jimage.dll
0x00007ff8ce6e0000 - 0x00007ff8ce6f6000 	C:\Program Files\Java\jdk-11.0.13\bin\zip.dll

dbghelp: loaded successfully - version: 4.0.5 - missing functions: none
symbol engine: initialized successfully - sym options: 0x614 - pdb path: .;C:\Program Files\Java\jdk-11.0.13\bin;C:\WINDOWS\SYSTEM32;C:\WINDOWS\WinSxS\amd64_microsoft.windows.common-controls_6595b64144ccf1df_6.0.22000.120_none_9d947278b86cc467;C:\Program Files\Java\jdk-11.0.13\bin\server

VM Arguments:
jvm_args: -Dfile.encoding=UTF-8 
java_command: utils.Test_Methods
java_class_path (initial): C:\Users\55619\eclipse-workspace\automation-tests\target\test-classes;C:\Users\55619\eclipse-workspace\automation-tests\target\classes;C:\Users\55619\.m2\repository\org\aspectj\aspectjweaver\1.8.10\aspectjweaver-1.8.10.jar;C:\Users\55619\.m2\repository\org\seleniumhq\selenium\selenium-java\4.1.0\selenium-java-4.1.0.jar;C:\Users\55619\.m2\repository\org\seleniumhq\selenium\selenium-chrome-driver\4.1.0\selenium-chrome-driver-4.1.0.jar;C:\Users\55619\.m2\repository\com\google\auto\service\auto-service-annotations\1.0.1\auto-service-annotations-1.0.1.jar;C:\Users\55619\.m2\repository\com\google\auto\service\auto-service\1.0.1\auto-service-1.0.1.jar;C:\Users\55619\.m2\repository\com\google\auto\auto-common\1.2\auto-common-1.2.jar;C:\Users\55619\.m2\repository\org\seleniumhq\selenium\selenium-chromium-driver\4.1.0\selenium-chromium-driver-4.1.0.jar;C:\Users\55619\.m2\repository\org\seleniumhq\selenium\selenium-json\4.1.0\selenium-json-4.1.0.jar;C:\Users\55619\.m2\repository\org\seleniumhq\selenium\selenium-devtools-v85\4.1.0\selenium-devtools-v85-4.1.0.jar;C:\Users\55619\.m2\repository\org\seleniumhq\selenium\selenium-devtools-v94\4.1.0\selenium-devtools-v94-4.1.0.jar;C:\Users\55619\.m2\repository\org\seleniumhq\selenium\selenium-devtools-v95\4.1.0\selenium-devtools-v95-4.1.0.jar;C:\Users\55619\.m2\repository\org\seleniumhq\selenium\selenium-devtools-v96\4.1.0\selenium-devtools-v96-4.1.0.jar;C:\Users\55619\.m2\repository\org\seleniumhq\selenium\selenium-edge-driver\4.1.0\selenium-edge-driver-4.1.0.jar;C:\Users\55619\.m2\repository\org\seleniumhq\selenium\selenium-firefox-driver\4.1.0\selenium-firefox-driver-4.1.0.jar;C:\Users\55619\.m2\repository\org\seleniumhq\selenium\selenium-firefox-xpi-driver\4.1.0\selenium-firefox-xpi-driver-4.1.0.jar;C:\Users\55619\.m2\repository\org\seleniumhq\selenium\selenium-ie-driver\4.1.0\selenium-ie-driver-4.1.0.jar;C:\Users\55619\.m2\repository\org\seleniumhq\selenium\selenium-opera-driver\4.1.0\selenium-opera-d
Launcher Type: SUN_STANDARD

[Global flags]
     intx CICompilerCount                          = 3                                         {product} {ergonomic}
     uint ConcGCThreads                            = 2                                         {product} {ergonomic}
     uint G1ConcRefinementThreads                  = 6                                         {product} {ergonomic}
   size_t G1HeapRegionSize                         = 1048576                                   {product} {ergonomic}
    uintx GCDrainStackTargetSize                   = 64                                        {product} {ergonomic}
   size_t InitialHeapSize                          = 255852544                                 {product} {ergonomic}
   size_t MarkStackSize                            = 4194304                                   {product} {ergonomic}
   size_t MaxHeapSize                              = 4087349248                                {product} {ergonomic}
   size_t MinHeapDeltaBytes                        = 1048576                                   {product} {ergonomic}
    uintx NonNMethodCodeHeapSize                   = 5830732                                {pd product} {ergonomic}
    uintx NonProfiledCodeHeapSize                  = 122913754                              {pd product} {ergonomic}
    uintx ProfiledCodeHeapSize                     = 122913754                              {pd product} {ergonomic}
    uintx ReservedCodeCacheSize                    = 251658240                              {pd product} {ergonomic}
     bool SegmentedCodeCache                       = true                                      {product} {ergonomic}
     bool UseCompressedClassPointers               = true                                 {lp64_product} {ergonomic}
     bool UseCompressedOops                        = true                                 {lp64_product} {ergonomic}
     bool UseG1GC                                  = true                                      {product} {ergonomic}
     bool UseLargePagesIndividualAllocation        = false                                  {pd product} {ergonomic}

Logging:
Log output configuration:
 #0: stdout all=warning uptime,level,tags
 #1: stderr all=off uptime,level,tags

Environment Variables:
JAVA_HOME=C:\Program Files\Java\jdk1.8.0_291
PATH=C:/Users/55619/.p2/pool/plugins/org.eclipse.justj.openjdk.hotspot.jre.full.win32.x86_64_16.0.1.v20210528-1205/jre/bin/server;C:/Users/55619/.p2/pool/plugins/org.eclipse.justj.openjdk.hotspot.jre.full.win32.x86_64_16.0.1.v20210528-1205/jre/bin;C:\Program Files\Common Files\Oracle\Java\javapath;C:\Python39\;C:\Python27\;C:\Python27\Scripts;C:\Python39\Scritps;C:\Program Files (x86)\Common Files\Oracle\Java\javapath;C:\WINDOWS\system32;C:\WINDOWS;C:\WINDOWS\System32\Wbem;C:\WINDOWS\System32\WindowsPowerShell\v1.0\;C:\WINDOWS\System32\OpenSSH\;C:\Program Files\nodejs\;C:\ProgramData\chocolatey\bin;C:\Users\55619\AppData\Roaming\Microsoft\Windows\Start Menu\Programs\Python 3.9;C:\Program Files\Git\cmd;C:\Program Files\PuTTY\;C:\Program Files\dotnet\;C:\Program Files\PowerShell\7\;C:\Python39\;C:\Users\55619\scoop\shims;C:\Python27\;C:\Python27\Scripts;C:\Python39\Scripts\;C:\Users\55619\AppData\Local\Programs\Python\Python39\Scripts\;C:\Users\55619\AppData\Local\Programs\Python\Python39\;C:\Users\55619\AppData\Local\Microsoft\WindowsApps;C:\Users\55619\AppData\Local\Programs\Microsoft VS Code\bin;C:\Users\55619\AppData\Roaming\npm;C:\Users\55619\AppData\Roaming\Microsoft\Windows\Start Menu\Programs\Python 3.9;C:\Users\55619\.dotnet\tools;;C:\Users\55619\eclipse\jee-2021-06\eclipse;
USERNAME=55619
OS=Windows_NT
PROCESSOR_IDENTIFIER=AMD64 Family 23 Model 96 Stepping 1, AuthenticAMD



---------------  S Y S T E M  ---------------

OS: Windows 10 , 64 bit Build 22000 (10.0.22000.318)
Hyper-V role detected

CPU:total 6 (initial active 6) (6 cores per cpu, 1 threads per core) family 23 model 96 stepping 1 microcode 0x0, cmov, cx8, fxsr, mmx, sse, sse2, sse3, ssse3, sse4.1, sse4.2, popcnt, avx, avx2, aes, clmul, mmxext, 3dnowpref, lzcnt, sse4a, tsc, tscinvbit, tscinv, bmi1, bmi2, adx, sha, 

Memory: 4k page, system-wide physical 15591M (387M free)
TotalPageFile size 46017M (AvailPageFile size 232M)
current process WorkingSet (physical memory assigned to process): 11M, peak: 11M
current process commit charge ("private bytes"): 57M, peak: 301M

vm_info: Java HotSpot(TM) 64-Bit Server VM (11.0.13+10-LTS-370) for windows-amd64 JRE (11.0.13+10-LTS-370), built on Sep 15 2021 22:10:36 by "mach5one" with MS VC++ 15.9 (VS2017)

END.
